<?xml version="1.0" encoding="UTF-8"?>
<testsuite xmlns:xsi="http://www.w3.org/2001/XMLSchema-instance" xsi:noNamespaceSchemaLocation="https://maven.apache.org/surefire/maven-surefire-plugin/xsd/surefire-test-report.xsd" name="Model.BoardTest" time="0.812" tests="6" errors="0" skipped="0" failures="0">
  <properties>
[...]
</properties>
  <testcase name="shouldProperlyDetectTileExistence" classname="Model.BoardTest" time="0.304"/>
  <testcase name="shouldDetectMoveAvailability" classname="Model.BoardTest" time="0.096"/>
  <testcase name="shouldProperlyRemoveMatchingTiles" classname="Model.BoardTest" time="0.111"/>
  <testcase name="shouldLocateNeighborsCorrectly" classname="Model.BoardTest" time="0.096"/>
  <testcase name="boardShouldNotBeEmptyAfterInitialization" classname="Model.BoardTest" time="0.091"/>
  <testcase name="shouldProperlyCollapseColumn" classname="Model.BoardTest" time="0.106"/>
</testsuite>